number of word types: 1494, number of word types w/ frequency >= 1: 1494
/home/mohayemin/anaconda3/envs/SOAR/lib/python3.8/site-packages/fuzzywuzzy/fuzz.py:11: UserWarning: Using slow pure-python SequenceMatcher. Install python-Levenshtein to remove this warning
  warnings.warn('Using slow pure-python SequenceMatcher. Install python-Levenshtein to remove this warning')
[info] [2021-08-11 13:27:34.136297] Success!
[info] [2021-08-11 13:27:34.136813] Avg Rank 2.05
[info] [2021-08-11 13:27:34.194932] Synthesis time: 308.3564074039459
[info] [2021-08-11 13:27:34.195085] self.before_0 = lambda x: x.permute(0,3,1,2)
[info] [2021-08-11 13:27:34.195085] self.var109 = torch.nn.Conv2d(3,96,(11,11),stride=(4,4),padding=(0,0))
[info] [2021-08-11 13:27:34.195085] self.var110 = torch.nn.ReLU()
[info] [2021-08-11 13:27:34.195085] self.var116 = torch.nn.MaxPool2d((2,2),stride=(2,2),padding=(0,0))
[info] [2021-08-11 13:27:34.195085] self.before_4 = lambda x: x.permute(0,1,2,3)
[info] [2021-08-11 13:27:34.195085] self.var623 = torch.nn.Conv2d(96,256,(11,11),stride=(1,1),padding=(0,0))
[info] [2021-08-11 13:27:34.195085] self.var624 = torch.nn.ReLU()
[info] [2021-08-11 13:27:34.195085] self.var636 = torch.nn.MaxPool2d((2,2),stride=(2,2),padding=(0,0))
[info] [2021-08-11 13:27:34.195085] self.before_8 = lambda x: x.permute(0,1,2,3)
[info] [2021-08-11 13:27:34.195085] self.var1237 = torch.nn.Conv2d(256,384,(3,3),stride=(1,1),padding=(0,0))
[info] [2021-08-11 13:27:34.195085] self.var1238 = torch.nn.ReLU()
[info] [2021-08-11 13:27:34.195085] self.before_11 = lambda x: x.permute(0,1,2,3)
[info] [2021-08-11 13:27:34.195085] self.var1829 = torch.nn.Conv2d(384,384,(3,3),stride=(1,1),padding=(0,0))
[info] [2021-08-11 13:27:34.195085] self.var1830 = torch.nn.ReLU()
[info] [2021-08-11 13:27:34.195085] self.before_14 = lambda x: x.permute(0,1,2,3)
[info] [2021-08-11 13:27:34.195085] self.var2277 = torch.nn.Conv2d(384,256,(3,3),stride=(1,1),padding=(0,0))
[info] [2021-08-11 13:27:34.195085] self.var2278 = torch.nn.ReLU()
[info] [2021-08-11 13:27:34.195085] self.var2283 = torch.nn.MaxPool2d((2,2),stride=(2,2),padding=(0,0))
[info] [2021-08-11 13:27:34.195085] self.var2289 = lambda x: torch.flatten(x,1)
[info] [2021-08-11 13:27:34.195085] self.var2530 = torch.nn.Linear(256,4096)
[info] [2021-08-11 13:27:34.195085] self.var2531 = torch.nn.ReLU()
[info] [2021-08-11 13:27:34.195085] self.var2972 = torch.nn.Linear(4096,1000)
[info] [2021-08-11 13:27:34.195085] self.var2973 = torch.nn.ReLU()
[info] [2021-08-11 13:27:34.195085] self.var3462 = torch.nn.Linear(1000,17)
[info] [2021-08-11 13:27:34.195085] self.var3463 = torch.nn.Softmax(dim=-1)
number of word types: 1494, number of word types w/ frequency >= 1: 1494
/home/mohayemin/anaconda3/envs/SOAR/lib/python3.8/site-packages/fuzzywuzzy/fuzz.py:11: UserWarning: Using slow pure-python SequenceMatcher. Install python-Levenshtein to remove this warning
  warnings.warn('Using slow pure-python SequenceMatcher. Install python-Levenshtein to remove this warning')
[info] [2021-08-11 13:27:39.820463] Avg Rank 2.05
