/bin/sh: 1: runsolver: not found
/bin/sh: 1: runsolver: not found
number of word types: 1494, number of word types w/ frequency >= 1: 1494
/home/mohayemin/anaconda3/envs/SOAR/lib/python3.8/site-packages/fuzzywuzzy/fuzz.py:11: UserWarning: Using slow pure-python SequenceMatcher. Install python-Levenshtein to remove this warning
  warnings.warn('Using slow pure-python SequenceMatcher. Install python-Levenshtein to remove this warning')
/home/mohayemin/anaconda3/envs/SOAR/lib/python3.8/site-packages/torch/nn/functional.py:718: UserWarning: Named tensors and all their associated APIs are an experimental feature and subject to change. Please do not use them for anything important until they are released as stable. (Triggered internally at  /opt/conda/conda-bld/pytorch_1623448216815/work/c10/core/TensorImpl.h:1156.)
  return torch.max_pool2d(input, kernel_size, stride, padding, dilation, ceil_mode)
<string>:1: UserWarning: Implicit dimension choice for softmax has been deprecated. Change the call to include dim=X as an argument.
[info] [2021-08-11 13:14:03.935266] Success!
[info] [2021-08-11 13:14:03.935780] Avg Rank 1.0
[info] [2021-08-11 13:14:03.994258] Synthesis time: 1.6100659370422363
[info] [2021-08-11 13:14:03.994399] self.before_0 = lambda x: x.permute(0,3,1,2)
[info] [2021-08-11 13:14:03.994399] self.var131 = torch.nn.Conv2d(1,3,(3,3),stride=(1,1),padding=(0,0))
[info] [2021-08-11 13:14:03.994399] self.var134 = torch.nn.MaxPool2d((2,2),stride=(2,2),padding=(0,0))
[info] [2021-08-11 13:14:03.994399] self.before_3 = lambda x: x.permute(0,2,3,1)
[info] [2021-08-11 13:14:03.994399] self.var161 = lambda x: torch.flatten(x,1)
[info] [2021-08-11 13:14:03.994399] self.var162 = torch.nn.Softmax(dim=None)
number of word types: 1494, number of word types w/ frequency >= 1: 1494
/home/mohayemin/anaconda3/envs/SOAR/lib/python3.8/site-packages/fuzzywuzzy/fuzz.py:11: UserWarning: Using slow pure-python SequenceMatcher. Install python-Levenshtein to remove this warning
  warnings.warn('Using slow pure-python SequenceMatcher. Install python-Levenshtein to remove this warning')
[info] [2021-08-11 13:14:09.408856] Avg Rank 1.0
