number of word types: 1494, number of word types w/ frequency >= 1: 1494
/home/mohayemin/anaconda3/envs/SOAR/lib/python3.8/site-packages/fuzzywuzzy/fuzz.py:11: UserWarning: Using slow pure-python SequenceMatcher. Install python-Levenshtein to remove this warning
  warnings.warn('Using slow pure-python SequenceMatcher. Install python-Levenshtein to remove this warning')
[info] [2021-08-11 14:09:00.765266] Success!
[info] [2021-08-11 14:09:00.765758] Avg Rank 2.272727272727273
[info] [2021-08-11 14:09:00.845795] Synthesis time: 4.979568243026733
[info] [2021-08-11 14:09:00.845955] self.before_0 = lambda x: x.long()
[info] [2021-08-11 14:09:00.845955] self.var52 = torch.nn.Embedding(50,10)
[info] [2021-08-11 14:09:00.845955] self.before_2 = lambda x: x.permute(0,1,2)
[info] [2021-08-11 14:09:00.845955] self.var169 = torch.nn.Conv1d(10,64,3,stride=1,padding=0)
[info] [2021-08-11 14:09:00.845955] self.var170 = torch.nn.ReLU()
[info] [2021-08-11 14:09:00.845955] self.before_5 = lambda x: x.permute(0,1,2)
[info] [2021-08-11 14:09:00.845955] self.var309 = torch.nn.Conv1d(64,64,3,stride=1,padding=0)
[info] [2021-08-11 14:09:00.845955] self.var310 = torch.nn.ReLU()
[info] [2021-08-11 14:09:00.845955] self.var317 = torch.nn.MaxPool1d(2,stride=3,padding=1)
[info] [2021-08-11 14:09:00.845955] self.var319 = lambda x: torch.flatten(x,-2)
[info] [2021-08-11 14:09:00.845955] self.var736 = torch.nn.Linear(192,100)
[info] [2021-08-11 14:09:00.845955] self.var737 = torch.nn.ReLU()
[info] [2021-08-11 14:09:00.845955] self.var942 = torch.nn.Linear(100,10)
[info] [2021-08-11 14:09:00.845955] self.var943 = torch.nn.Softmax(dim=-1)
number of word types: 1494, number of word types w/ frequency >= 1: 1494
/home/mohayemin/anaconda3/envs/SOAR/lib/python3.8/site-packages/fuzzywuzzy/fuzz.py:11: UserWarning: Using slow pure-python SequenceMatcher. Install python-Levenshtein to remove this warning
  warnings.warn('Using slow pure-python SequenceMatcher. Install python-Levenshtein to remove this warning')
[info] [2021-08-11 14:09:06.336097] Avg Rank 2.272727272727273
