number of word types: 1494, number of word types w/ frequency >= 1: 1494
/home/mohayemin/anaconda3/envs/SOAR/lib/python3.8/site-packages/fuzzywuzzy/fuzz.py:11: UserWarning: Using slow pure-python SequenceMatcher. Install python-Levenshtein to remove this warning
  warnings.warn('Using slow pure-python SequenceMatcher. Install python-Levenshtein to remove this warning')
/home/mohayemin/anaconda3/envs/SOAR/lib/python3.8/site-packages/torch/nn/init.py:388: UserWarning: Initializing zero-element tensors is a no-op
  warnings.warn("Initializing zero-element tensors is a no-op")
[info] [2021-08-11 13:58:07.551195] Success!
[info] [2021-08-11 13:58:07.551698] Avg Rank 2.142857142857143
[info] [2021-08-11 13:58:07.618591] Synthesis time: 1822.2880725860596
[info] [2021-08-11 13:58:07.618726] self.var1238 = torch.nn.Linear(6272,6272)
[info] [2021-08-11 13:58:07.618726] self.var1239 = torch.nn.LeakyReLU()
[info] [2021-08-11 13:58:07.618726] self.before_2 = lambda x: x.view(10,128,7,7)
[info] [2021-08-11 13:58:07.618726] self.var1282 = lambda x: torch.Tensor(x)
[info] [2021-08-11 13:58:07.618726] self.before_4 = lambda x: x.permute(0,1,2,3)
[info] [2021-08-11 13:58:07.618726] self.var9824 = torch.nn.ConvTranspose2d(128,64,(5,5),stride=(2,2),padding=(0,0))
[info] [2021-08-11 13:58:07.618726] self.var9825 = torch.nn.LeakyReLU()
[info] [2021-08-11 13:58:07.618726] self.before_7 = lambda x: x.permute(0,1,2,3)
[info] [2021-08-11 13:58:07.618726] self.var12417 = torch.nn.ConvTranspose2d(64,1,(5,5),stride=(2,2),padding=(0,0))
[info] [2021-08-11 13:58:07.618726] self.var12422 = lambda x: torch.Tensor.tanh_(x)
number of word types: 1494, number of word types w/ frequency >= 1: 1494
/home/mohayemin/anaconda3/envs/SOAR/lib/python3.8/site-packages/fuzzywuzzy/fuzz.py:11: UserWarning: Using slow pure-python SequenceMatcher. Install python-Levenshtein to remove this warning
  warnings.warn('Using slow pure-python SequenceMatcher. Install python-Levenshtein to remove this warning')
[info] [2021-08-11 13:58:13.109633] Avg Rank 2.142857142857143
