number of word types: 1494, number of word types w/ frequency >= 1: 1494
/home/mohayemin/anaconda3/envs/SOAR/lib/python3.8/site-packages/fuzzywuzzy/fuzz.py:11: UserWarning: Using slow pure-python SequenceMatcher. Install python-Levenshtein to remove this warning
  warnings.warn('Using slow pure-python SequenceMatcher. Install python-Levenshtein to remove this warning')
/home/mohayemin/anaconda3/envs/SOAR/lib/python3.8/site-packages/torch/nn/init.py:388: UserWarning: Initializing zero-element tensors is a no-op
  warnings.warn("Initializing zero-element tensors is a no-op")
[info] [2021-08-11 13:22:14.685503] Success!
[info] [2021-08-11 13:22:14.686013] Avg Rank 1.9333333333333333
[info] [2021-08-11 13:22:14.759535] Synthesis time: 282.13464760780334
[info] [2021-08-11 13:22:14.759705] self.before_0 = lambda x: x.permute(0,3,1,2)
[info] [2021-08-11 13:22:14.759705] self.var380 = torch.nn.Conv2d(32,32,(3,3),stride=(2,2),padding=(0,0))
[info] [2021-08-11 13:22:14.759705] self.var381 = torch.nn.ReLU()
[info] [2021-08-11 13:22:14.759705] self.before_3 = lambda x: x.permute(0,1,3,2)
[info] [2021-08-11 13:22:14.759705] self.var827 = torch.nn.Conv2d(32,64,(3,3),stride=(3,3),padding=(0,0))
[info] [2021-08-11 13:22:14.759705] self.var828 = torch.nn.ReLU()
[info] [2021-08-11 13:22:14.759705] self.var829 = lambda x: torch.flatten(x,1)
[info] [2021-08-11 13:22:14.759705] self.var994 = torch.nn.Linear(64,10)
[info] [2021-08-11 13:22:14.759705] self.var1071 = torch.nn.Linear(10,1568)
[info] [2021-08-11 13:22:14.759705] self.var1072 = torch.nn.ReLU()
[info] [2021-08-11 13:22:14.759705] self.before_10 = lambda x: x.view(10,7,32,7)
[info] [2021-08-11 13:22:14.759705] self.var1110 = lambda x: torch.Tensor(x)
[info] [2021-08-11 13:22:14.759705] self.before_12 = lambda x: x.permute(0,2,1,3)
[info] [2021-08-11 13:22:14.759705] self.var5157 = torch.nn.ConvTranspose2d(32,64,(3,3),stride=(2,2),padding=(0,0))
[info] [2021-08-11 13:22:14.759705] self.var5158 = torch.nn.ReLU()
[info] [2021-08-11 13:22:14.759705] self.before_15 = lambda x: x.permute(0,1,3,2)
[info] [2021-08-11 13:22:14.759705] self.var8421 = torch.nn.ConvTranspose2d(64,32,(3,3),stride=(2,2),padding=(0,0))
[info] [2021-08-11 13:22:14.759705] self.var8422 = torch.nn.ReLU()
[info] [2021-08-11 13:22:14.759705] self.before_18 = lambda x: x.permute(0,1,2,3)
[info] [2021-08-11 13:22:14.759705] self.var10854 = torch.nn.ConvTranspose2d(32,1,(3,3),stride=(1,1),padding=(0,0))
[info] [2021-08-11 13:22:14.759705] self.var10855 = torch.nn.ReLU()
number of word types: 1494, number of word types w/ frequency >= 1: 1494
/home/mohayemin/anaconda3/envs/SOAR/lib/python3.8/site-packages/fuzzywuzzy/fuzz.py:11: UserWarning: Using slow pure-python SequenceMatcher. Install python-Levenshtein to remove this warning
  warnings.warn('Using slow pure-python SequenceMatcher. Install python-Levenshtein to remove this warning')
[info] [2021-08-11 13:22:20.359540] Avg Rank 1.9333333333333333
